INFO:root:---------- PhotoBooth started at 2018-01-26 22:22:04 ----------
INFO:root:---------- PhotoBooth started at 2018-01-26 22:22:29 ----------
INFO:root:---------- PhotoBooth started at 2018-01-26 22:22:54 ----------
INFO:root:---------- PhotoBooth started at 2018-01-26 22:23:07 ----------
INFO:root:---------- PhotoBooth started at 2018-01-26 22:23:12 ----------
INFO:root:---------- PhotoBooth started at 2018-01-26 22:23:31 ----------
INFO:root:---------- PhotoBooth started at 2018-01-26 22:29:55 ----------
INFO:root:---------- PhotoBooth started at 2018-01-26 22:30:06 ----------
INFO:root:---------- PhotoBooth started at 2018-01-26 22:31:00 ----------
INFO:root:---------- PhotoBooth started at 2018-01-26 22:31:37 ----------
INFO:root:---------- PhotoBooth started at 2018-01-26 22:32:28 ----------
DEBUG:PIL.PngImagePlugin:STREAM b'IHDR' 16 13
DEBUG:PIL.PngImagePlugin:STREAM b'sBIT' 41 4
DEBUG:PIL.PngImagePlugin:b'sBIT' 41 4 (unknown)
DEBUG:PIL.PngImagePlugin:STREAM b'pHYs' 57 9
DEBUG:PIL.PngImagePlugin:STREAM b'tEXt' 78 25
DEBUG:PIL.PngImagePlugin:STREAM b'IDAT' 115 8192
INFO:root:---------- PhotoBooth started at 2018-01-26 22:32:51 ----------
DEBUG:PIL.PngImagePlugin:STREAM b'IHDR' 16 13
DEBUG:PIL.PngImagePlugin:STREAM b'sBIT' 41 4
DEBUG:PIL.PngImagePlugin:b'sBIT' 41 4 (unknown)
DEBUG:PIL.PngImagePlugin:STREAM b'pHYs' 57 9
DEBUG:PIL.PngImagePlugin:STREAM b'tEXt' 78 25
DEBUG:PIL.PngImagePlugin:STREAM b'IDAT' 115 8192
INFO:root:---------- PhotoBooth started at 2018-01-26 22:34:21 ----------
DEBUG:PIL.PngImagePlugin:STREAM b'IHDR' 16 13
DEBUG:PIL.PngImagePlugin:STREAM b'sBIT' 41 4
DEBUG:PIL.PngImagePlugin:b'sBIT' 41 4 (unknown)
DEBUG:PIL.PngImagePlugin:STREAM b'pHYs' 57 9
DEBUG:PIL.PngImagePlugin:STREAM b'tEXt' 78 25
DEBUG:PIL.PngImagePlugin:STREAM b'IDAT' 115 8192
INFO:root:---------- PhotoBooth started at 2018-01-26 22:35:08 ----------
DEBUG:PIL.PngImagePlugin:STREAM b'IHDR' 16 13
DEBUG:PIL.PngImagePlugin:STREAM b'sBIT' 41 4
DEBUG:PIL.PngImagePlugin:b'sBIT' 41 4 (unknown)
DEBUG:PIL.PngImagePlugin:STREAM b'pHYs' 57 9
DEBUG:PIL.PngImagePlugin:STREAM b'tEXt' 78 25
DEBUG:PIL.PngImagePlugin:STREAM b'IDAT' 115 8192
INFO:root:---------- PhotoBooth started at 2018-01-26 22:35:15 ----------
DEBUG:PIL.PngImagePlugin:STREAM b'IHDR' 16 13
DEBUG:PIL.PngImagePlugin:STREAM b'sBIT' 41 4
DEBUG:PIL.PngImagePlugin:b'sBIT' 41 4 (unknown)
DEBUG:PIL.PngImagePlugin:STREAM b'pHYs' 57 9
DEBUG:PIL.PngImagePlugin:STREAM b'tEXt' 78 25
DEBUG:PIL.PngImagePlugin:STREAM b'IDAT' 115 8192
INFO:root:---------- PhotoBooth started at 2018-01-26 22:35:56 ----------
DEBUG:PIL.PngImagePlugin:STREAM b'IHDR' 16 13
DEBUG:PIL.PngImagePlugin:STREAM b'sBIT' 41 4
DEBUG:PIL.PngImagePlugin:b'sBIT' 41 4 (unknown)
DEBUG:PIL.PngImagePlugin:STREAM b'pHYs' 57 9
DEBUG:PIL.PngImagePlugin:STREAM b'tEXt' 78 25
DEBUG:PIL.PngImagePlugin:STREAM b'IDAT' 115 8192
INFO:root:---------- PhotoBooth started at 2018-01-26 22:39:05 ----------
DEBUG:PIL.PngImagePlugin:STREAM b'IHDR' 16 13
DEBUG:PIL.PngImagePlugin:STREAM b'sBIT' 41 4
DEBUG:PIL.PngImagePlugin:b'sBIT' 41 4 (unknown)
DEBUG:PIL.PngImagePlugin:STREAM b'pHYs' 57 9
DEBUG:PIL.PngImagePlugin:STREAM b'tEXt' 78 25
DEBUG:PIL.PngImagePlugin:STREAM b'IDAT' 115 8192
INFO:root:---------- PhotoBooth started at 2018-01-26 22:39:35 ----------
DEBUG:PIL.PngImagePlugin:STREAM b'IHDR' 16 13
DEBUG:PIL.PngImagePlugin:STREAM b'sBIT' 41 4
DEBUG:PIL.PngImagePlugin:b'sBIT' 41 4 (unknown)
DEBUG:PIL.PngImagePlugin:STREAM b'pHYs' 57 9
DEBUG:PIL.PngImagePlugin:STREAM b'tEXt' 78 25
DEBUG:PIL.PngImagePlugin:STREAM b'IDAT' 115 8192
INFO:root:---------- PhotoBooth started at 2018-01-26 22:39:51 ----------
INFO:root:---------- PhotoBooth started at 2018-01-26 22:42:49 ----------
INFO:root:---------- PhotoBooth started at 2018-01-26 22:44:32 ----------
INFO:root:---------- PhotoBooth started at 2018-01-26 22:44:42 ----------
INFO:root:---------- PhotoBooth started at 2018-01-26 22:45:56 ----------
INFO:root:---------- PhotoBooth started at 2018-01-26 22:46:05 ----------
INFO:root:---------- PhotoBooth started at 2018-01-26 22:47:08 ----------
INFO:root:---------- PhotoBooth started at 2018-01-26 22:50:44 ----------
INFO:root:---------- PhotoBooth started at 2018-01-27 09:54:37 ----------
INFO:root:---------- PhotoBooth started at 2018-01-27 09:58:40 ----------
INFO:root:---------- PhotoBooth started at 2018-01-27 09:58:49 ----------
INFO:root:---------- PhotoBooth started at 2018-01-27 09:59:29 ----------
INFO:root:---------- PhotoBooth started at 2018-01-27 10:00:07 ----------
INFO:root:---------- PhotoBooth started at 2018-01-27 10:00:20 ----------
INFO:root:---------- PhotoBooth started at 2018-01-27 10:00:56 ----------
INFO:root:---------- PhotoBooth started at 2018-01-27 10:02:09 ----------
DEBUG:PIL.PngImagePlugin:STREAM b'IHDR' 16 13
DEBUG:PIL.PngImagePlugin:STREAM b'sBIT' 41 4
DEBUG:PIL.PngImagePlugin:b'sBIT' 41 4 (unknown)
DEBUG:PIL.PngImagePlugin:STREAM b'pHYs' 57 9
DEBUG:PIL.PngImagePlugin:STREAM b'tEXt' 78 25
DEBUG:PIL.PngImagePlugin:STREAM b'IDAT' 115 8192
INFO:root:---------- PhotoBooth started at 2018-01-27 10:02:25 ----------
INFO:root:---------- PhotoBooth started at 2018-01-27 10:03:17 ----------
INFO:root:---------- PhotoBooth started at 2018-01-27 10:13:36 ----------
INFO:root:---------- PhotoBooth started at 2018-01-27 10:26:35 ----------
INFO:root:---------- PhotoBooth started at 2018-01-27 10:27:03 ----------
INFO:root:---------- PhotoBooth started at 2018-01-27 10:32:14 ----------
INFO:root:---------- PhotoBooth started at 2018-01-27 10:34:38 ----------
INFO:root:---------- PhotoBooth started at 2018-01-27 10:40:23 ----------
INFO:root:---------- PhotoBooth started at 2018-01-27 10:51:45 ----------
INFO:root:---------- PhotoBooth started at 2018-01-27 10:51:58 ----------
INFO:root:---------- PhotoBooth started at 2018-01-27 10:52:14 ----------
INFO:root:---------- PhotoBooth started at 2018-01-27 10:52:28 ----------
INFO:root:---------- PhotoBooth started at 2018-01-27 10:52:53 ----------
INFO:root:---------- PhotoBooth started at 2018-01-27 10:57:47 ----------
INFO:root:---------- PhotoBooth started at 2018-01-27 10:58:02 ----------
INFO:root:---------- PhotoBooth started at 2018-01-27 11:03:44 ----------
INFO:root:---------- PhotoBooth started at 2018-01-27 11:03:56 ----------
INFO:root:---------- PhotoBooth started at 2018-01-27 11:05:00 ----------
INFO:root:---------- PhotoBooth started at 2018-01-27 11:12:21 ----------
INFO:root:---------- PhotoBooth started at 2018-01-27 11:13:56 ----------
INFO:root:---------- PhotoBooth started at 2018-01-27 11:14:12 ----------
INFO:root:---------- PhotoBooth started at 2018-01-27 11:14:31 ----------
INFO:root:---------- PhotoBooth started at 2018-01-27 11:14:39 ----------
INFO:root:---------- PhotoBooth started at 2018-01-27 11:14:45 ----------
INFO:root:---------- PhotoBooth started at 2018-01-27 11:14:49 ----------
INFO:root:---------- PhotoBooth started at 2018-01-27 11:14:51 ----------
INFO:root:---------- PhotoBooth started at 2018-01-27 11:16:26 ----------
INFO:root:---------- PhotoBooth started at 2018-01-27 11:16:55 ----------
INFO:root:---------- PhotoBooth started at 2018-01-27 11:17:18 ----------
INFO:root:---------- PhotoBooth started at 2018-01-27 11:17:54 ----------
INFO:root:---------- PhotoBooth started at 2018-01-27 11:18:15 ----------
INFO:root:---------- PhotoBooth started at 2018-01-27 11:18:17 ----------
INFO:root:---------- PhotoBooth started at 2018-01-27 11:18:20 ----------
INFO:root:---------- PhotoBooth started at 2018-01-27 11:18:22 ----------
INFO:root:---------- PhotoBooth started at 2018-01-27 11:18:31 ----------
INFO:root:---------- PhotoBooth started at 2018-01-27 11:18:33 ----------
INFO:root:---------- PhotoBooth started at 2018-01-27 11:18:35 ----------
INFO:root:---------- PhotoBooth started at 2018-01-27 11:18:54 ----------
INFO:root:---------- PhotoBooth started at 2018-01-27 11:20:04 ----------
INFO:root:---------- PhotoBooth started at 2018-01-27 11:21:08 ----------
INFO:root:---------- PhotoBooth started at 2018-01-27 11:21:40 ----------
INFO:root:---------- PhotoBooth started at 2018-01-27 11:25:48 ----------
INFO:root:---------- PhotoBooth started at 2018-01-27 11:26:22 ----------
INFO:root:---------- PhotoBooth started at 2018-01-27 11:28:57 ----------
INFO:root:---------- PhotoBooth started at 2018-01-27 11:29:25 ----------
INFO:root:---------- PhotoBooth started at 2018-01-27 11:29:50 ----------
INFO:root:---------- PhotoBooth started at 2018-01-27 11:30:23 ----------
INFO:root:---------- PhotoBooth started at 2018-01-27 11:31:02 ----------
INFO:root:---------- PhotoBooth started at 2018-01-27 11:31:09 ----------
INFO:root:---------- PhotoBooth started at 2018-01-27 11:31:14 ----------
INFO:root:---------- PhotoBooth started at 2018-01-27 11:33:17 ----------
INFO:root:---------- PhotoBooth started at 2018-01-27 11:37:09 ----------
INFO:root:---------- PhotoBooth started at 2018-01-27 11:38:00 ----------
INFO:root:---------- PhotoBooth started at 2018-01-27 11:38:46 ----------
INFO:root:---------- PhotoBooth started at 2018-01-27 11:39:02 ----------
INFO:root:---------- PhotoBooth started at 2018-01-27 11:39:29 ----------
WARNING:root:not enough img_sizes specified, need 1 or 4!
INFO:root:---------- PhotoBooth started at 2018-01-27 11:40:11 ----------
INFO:root:---------- PhotoBooth started at 2018-01-27 11:42:13 ----------
INFO:root:---------- PhotoBooth started at 2018-01-27 11:42:46 ----------
INFO:root:---------- PhotoBooth started at 2018-01-27 11:43:33 ----------
INFO:root:---------- PhotoBooth started at 2018-01-27 11:45:17 ----------
INFO:root:---------- PhotoBooth started at 2018-01-27 11:49:44 ----------
INFO:root:---------- PhotoBooth started at 2018-01-27 11:53:31 ----------
INFO:root:---------- PhotoBooth started at 2018-01-27 11:56:33 ----------
INFO:root:---------- PhotoBooth started at 2018-01-27 11:57:45 ----------
INFO:root:---------- PhotoBooth started at 2018-01-27 12:00:17 ----------
INFO:root:---------- PhotoBooth started at 2018-01-27 12:00:43 ----------
INFO:root:---------- PhotoBooth started at 2018-01-27 12:02:14 ----------
INFO:root:---------- PhotoBooth started at 2018-01-27 12:05:16 ----------
INFO:root:---------- PhotoBooth started at 2018-01-27 12:05:34 ----------
INFO:root:---------- PhotoBooth started at 2018-01-27 12:05:55 ----------
INFO:root:---------- PhotoBooth started at 2018-01-27 12:06:37 ----------
INFO:root:---------- PhotoBooth started at 2018-01-27 12:07:08 ----------
INFO:root:---------- PhotoBooth started at 2018-01-27 12:07:44 ----------
INFO:root:---------- PhotoBooth started at 2018-01-27 12:07:58 ----------
INFO:root:---------- PhotoBooth started at 2018-01-27 12:08:17 ----------
INFO:root:---------- PhotoBooth started at 2018-01-27 12:08:52 ----------
INFO:root:---------- PhotoBooth started at 2018-01-27 12:09:45 ----------
INFO:root:---------- PhotoBooth started at 2018-01-27 12:10:27 ----------
INFO:root:---------- PhotoBooth started at 2018-01-27 12:10:41 ----------
INFO:root:---------- PhotoBooth started at 2018-01-27 12:15:17 ----------
INFO:root:---------- PhotoBooth started at 2018-01-27 12:19:37 ----------
INFO:root:---------- PhotoBooth started at 2018-01-27 12:20:01 ----------
INFO:root:---------- PhotoBooth started at 2018-01-27 12:20:24 ----------
INFO:root:---------- PhotoBooth started at 2018-01-27 12:23:21 ----------
INFO:root:---------- PhotoBooth started at 2018-01-27 12:25:10 ----------
INFO:root:---------- PhotoBooth started at 2018-01-27 12:27:59 ----------
INFO:root:---------- PhotoBooth started at 2018-01-27 12:28:18 ----------
INFO:root:---------- PhotoBooth started at 2018-01-27 12:29:07 ----------
INFO:root:---------- PhotoBooth started at 2018-01-27 12:30:12 ----------
INFO:root:---------- PhotoBooth started at 2018-01-27 12:31:26 ----------
INFO:root:---------- PhotoBooth started at 2018-01-27 13:08:30 ----------
INFO:root:---------- PhotoBooth started at 2018-01-29 17:42:45 ----------
INFO:root:---------- PhotoBooth started at 2018-01-29 18:11:36 ----------
WARNING:root:Overlays/example/idle.png Not found!
INFO:root:---------- PhotoBooth started at 2018-01-29 18:12:12 ----------
WARNING:root:Overlays/example/idle.png Not found!
INFO:root:---------- PhotoBooth started at 2018-01-29 18:13:30 ----------
WARNING:root:Overlays/example/accepted.png Not found!
INFO:root:---------- PhotoBooth started at 2018-01-29 18:13:53 ----------
WARNING:root:Overlays/example/accept.png Not found!
INFO:root:---------- PhotoBooth started at 2018-01-29 18:14:57 ----------
INFO:root:---------- PhotoBooth started at 2018-01-29 18:15:21 ----------
INFO:root:---------- PhotoBooth started at 2018-01-29 18:21:11 ----------
WARNING:root:Idle/1920x1080/pillar.png Not found!
INFO:root:---------- PhotoBooth started at 2018-01-29 18:24:55 ----------
WARNING:root:${overlays_dir}/pillar.png Not found!
INFO:root:---------- PhotoBooth started at 2018-01-29 18:26:12 ----------
WARNING:root:$(overlays_dir)/pillar.png Not found!
INFO:root:---------- PhotoBooth started at 2018-01-29 18:27:26 ----------
WARNING:root:$(overlays_dir)/pillar.png Not found!
INFO:root:---------- PhotoBooth started at 2018-01-29 18:28:52 ----------
INFO:root:---------- PhotoBooth started at 2018-01-29 18:29:02 ----------
INFO:root:---------- PhotoBooth started at 2018-01-29 18:29:13 ----------
INFO:root:---------- PhotoBooth started at 2018-01-29 18:29:28 ----------
INFO:root:---------- PhotoBooth started at 2018-01-29 18:30:23 ----------
WARNING:root:$(overlays_dir)s/pillar.png Not found!
INFO:root:---------- PhotoBooth started at 2018-01-29 18:33:36 ----------
INFO:root:---------- PhotoBooth started at 2018-01-29 18:34:39 ----------
WARNING:root:$(overlays_dir)s/pillar.png Not found!
INFO:root:---------- PhotoBooth started at 2018-01-29 18:34:46 ----------
WARNING:root:$(overlays_dir)s/pillar.png Not found!
INFO:root:---------- PhotoBooth started at 2018-01-29 18:36:13 ----------
INFO:root:---------- PhotoBooth started at 2018-01-29 19:32:12 ----------
INFO:root:---------- PhotoBooth started at 2018-01-29 19:34:05 ----------
INFO:root:---------- PhotoBooth started at 2018-01-29 19:34:25 ----------
INFO:root:---------- PhotoBooth started at 2018-01-29 19:34:41 ----------
INFO:root:---------- PhotoBooth started at 2018-01-29 19:34:55 ----------
INFO:root:---------- PhotoBooth started at 2018-01-29 19:35:09 ----------
INFO:root:---------- PhotoBooth started at 2018-01-29 19:38:17 ----------
INFO:root:---------- PhotoBooth started at 2018-01-29 19:58:44 ----------
WARNING:root:No valid 'mode' defined in config file.
INFO:root:---------- PhotoBooth started at 2018-01-29 19:59:16 ----------
WARNING:root:No valid 'mode' defined in config file.
INFO:root:---------- PhotoBooth started at 2018-01-29 19:59:30 ----------
WARNING:root:No valid 'mode' defined in config file.
INFO:root:---------- PhotoBooth started at 2018-01-29 19:59:58 ----------
INFO:root:---------- PhotoBooth started at 2018-01-29 20:03:48 ----------
INFO:root:---------- PhotoBooth started at 2018-01-29 20:10:04 ----------
INFO:root:---------- PhotoBooth started at 2018-01-29 20:10:33 ----------
INFO:root:---------- PhotoBooth started at 2018-01-29 20:12:06 ----------
INFO:root:---------- PhotoBooth started at 2018-01-29 20:12:54 ----------
INFO:root:---------- PhotoBooth started at 2018-01-29 20:13:36 ----------
INFO:root:---------- PhotoBooth started at 2018-01-29 20:14:50 ----------
INFO:root:---------- PhotoBooth started at 2018-01-29 20:39:34 ----------
INFO:root:---------- PhotoBooth started at 2018-01-29 20:41:38 ----------
INFO:root:---------- PhotoBooth started at 2018-01-29 20:46:50 ----------
INFO:root:---------- PhotoBooth started at 2018-01-29 20:47:32 ----------
INFO:root:---------- PhotoBooth started at 2018-01-29 20:53:06 ----------
INFO:root:---------- PhotoBooth started at 2018-01-29 21:40:06 ----------
INFO:root:---------- PhotoBooth started at 2018-01-29 21:43:04 ----------
INFO:root:---------- PhotoBooth started at 2018-01-29 21:43:30 ----------
INFO:root:---------- PhotoBooth started at 2018-01-29 21:43:44 ----------
INFO:root:---------- PhotoBooth started at 2018-01-29 21:44:04 ----------
INFO:root:---------- PhotoBooth started at 2018-01-29 21:47:08 ----------
INFO:root:---------- PhotoBooth started at 2018-01-29 21:53:44 ----------
INFO:root:---------- PhotoBooth started at 2018-01-29 21:54:20 ----------
INFO:root:---------- PhotoBooth started at 2018-01-29 21:54:35 ----------
INFO:root:---------- PhotoBooth started at 2018-01-29 21:55:03 ----------
INFO:root:---------- PhotoBooth started at 2018-01-29 21:55:33 ----------
INFO:root:---------- PhotoBooth started at 2018-01-29 21:56:03 ----------
INFO:root:---------- PhotoBooth started at 2018-01-29 21:56:24 ----------
INFO:root:---------- PhotoBooth started at 2018-01-29 21:59:02 ----------
INFO:root:---------- PhotoBooth started at 2018-01-29 21:59:33 ----------
INFO:root:---------- PhotoBooth started at 2018-01-29 21:59:51 ----------
INFO:root:---------- PhotoBooth started at 2018-01-29 22:00:37 ----------
INFO:root:---------- PhotoBooth started at 2018-01-29 22:02:19 ----------
INFO:root:---------- PhotoBooth started at 2018-01-29 22:02:53 ----------
INFO:root:---------- PhotoBooth started at 2018-01-29 22:03:23 ----------
INFO:root:---------- PhotoBooth started at 2018-01-29 22:03:53 ----------
INFO:root:---------- PhotoBooth started at 2018-01-29 22:04:12 ----------
INFO:root:---------- PhotoBooth started at 2018-01-29 22:04:33 ----------
INFO:root:---------- PhotoBooth started at 2018-01-29 22:04:51 ----------
INFO:root:---------- PhotoBooth started at 2018-01-29 22:05:26 ----------
INFO:root:---------- PhotoBooth started at 2018-01-29 22:05:38 ----------
INFO:root:---------- PhotoBooth started at 2018-01-29 22:09:19 ----------
INFO:root:---------- PhotoBooth started at 2018-01-29 22:16:40 ----------
INFO:root:---------- PhotoBooth started at 2018-01-29 22:20:39 ----------
INFO:root:---------- PhotoBooth started at 2018-01-29 22:20:58 ----------
INFO:root:---------- PhotoBooth started at 2018-01-29 22:21:55 ----------
INFO:root:---------- PhotoBooth started at 2018-01-29 22:22:34 ----------
INFO:root:---------- PhotoBooth started at 2018-01-30 19:20:11 ----------
INFO:root:---------- PhotoBooth started at 2018-01-30 19:21:06 ----------
INFO:root:---------- PhotoBooth started at 2018-01-30 19:22:31 ----------
INFO:root:---------- PhotoBooth started at 2018-01-30 19:23:13 ----------
INFO:root:---------- PhotoBooth started at 2018-01-30 19:23:41 ----------
INFO:root:---------- PhotoBooth started at 2018-01-30 19:26:07 ----------
INFO:root:---------- PhotoBooth started at 2018-01-30 19:28:22 ----------
INFO:root:---------- PhotoBooth started at 2018-01-30 19:30:30 ----------
INFO:root:---------- PhotoBooth started at 2018-01-30 19:53:08 ----------
INFO:root:---------- PhotoBooth started at 2018-01-30 19:56:21 ----------
INFO:root:---------- PhotoBooth started at 2018-01-30 19:57:45 ----------
